[2025-11-17 00:06:50] [INFO] createGroup failed: Error while reading line from the server. [redis://flexible-condor-35435.upstash.io:6379]
[2025-11-17 00:09:43] [INFO] SQLSTATE[23000]: Integrity constraint violation: 1062 Duplicate entry 'Hello World!' for key 'name'
[2025-11-17 00:15:11] [INFO] createGroup failed: Error while reading line from the server. [redis://flexible-condor-35435.upstash.io:6379]
[2025-11-17 00:18:54] [INFO] createGroup of 6 failed: Error while reading line from the server. [redis://flexible-condor-35435.upstash.io:6379]
[2025-11-17 12:47:54] [INFO] User logged in via API: anjola101
[2025-11-17 16:50:01] [INFO] Database connection failed: SQLSTATE[HY000] [2002] php_network_getaddresses: getaddrinfo for sql3.freesqldatabase.com failed: No such host is known. 
[2025-11-17 16:50:02] [INFO] Database connection failed: SQLSTATE[HY000] [2002] php_network_getaddresses: getaddrinfo for sql3.freesqldatabase.com failed: No such host is known. 
[2025-11-17 19:12:09] [INFO] User logged in via API: anjola101
[2025-11-17 19:28:42] [INFO] User registered: qwerty101 (anjolaforbusiness@gmail.com)
[2025-11-17 19:29:07] [INFO] User logged in via API: qwerty101
[2025-11-17 19:30:50] [INFO] SQLSTATE[23000]: Integrity constraint violation: 1452 Cannot add or update a child row: a foreign key constraint fails (`sql3807573`.`group_members`, CONSTRAINT `group_members_ibfk_1` FOREIGN KEY (`group_id`) REFERENCES `groups` (`id`) ON DELETE CASCADE)
[2025-11-17 19:31:15] [INFO] SQLSTATE[23000]: Integrity constraint violation: 1452 Cannot add or update a child row: a foreign key constraint fails (`sql3807573`.`group_members`, CONSTRAINT `group_members_ibfk_1` FOREIGN KEY (`group_id`) REFERENCES `groups` (`id`) ON DELETE CASCADE)
[2025-11-17 19:46:04] [INFO] joinGroup input: 1
[2025-11-17 20:18:10] [INFO] User logged in via API: anjola101
[2025-11-17 20:43:59] [INFO] User logged in via API: qwerty101
[2025-11-17 21:22:14] [INFO] User logged in via API: anjola101
[2025-11-18 09:09:44] [INFO] User logged in via API: anjola101
[2025-11-18 09:53:21] [INFO] User logged in via API: qwerty101
[2025-11-18 10:28:59] [INFO] User logged in via API: anjola101
[2025-11-18 18:54:13] [INFO] User logged in via API: anjola101
[2025-11-18 20:05:37] [INFO] Database connection failed: SQLSTATE[HY000] [2006] MySQL server has gone away
[2025-11-19 14:45:55] [INFO] User logged in via API: anjola101
[2025-11-19 14:48:02] [ERROR] Message submission error: Unprocessable Entity: `users.0`: Invalid type. Expected: string, given: integer
[2025-11-19 15:25:37] [INFO] Database connection failed: SQLSTATE[HY000] [2002] php_network_getaddresses: getaddrinfo for sql3.freesqldatabase.com failed: No such host is known. 
[2025-11-19 15:25:38] [INFO] Database connection failed: SQLSTATE[HY000] [2002] php_network_getaddresses: getaddrinfo for sql3.freesqldatabase.com failed: No such host is known. 
[2025-11-19 15:25:55] [INFO] Database connection failed: SQLSTATE[HY000] [2002] php_network_getaddresses: getaddrinfo for sql3.freesqldatabase.com failed: No such host is known. 
[2025-11-19 15:25:56] [INFO] Database connection failed: SQLSTATE[HY000] [2002] php_network_getaddresses: getaddrinfo for sql3.freesqldatabase.com failed: No such host is known. 
[2025-11-19 17:39:41] [INFO] User logged in via API: anjola101
